{"C:\\Users\\georg\\Documents\\Website Projects\\Meo Romano\\frontend\\src\\tools\\queryDatabase.js": {"path":"C:\\Users\\georg\\Documents\\Website Projects\\Meo Romano\\frontend\\src\\tools\\queryDatabase.js","statementMap":{"0":{"start":{"line":4,"column":2},"end":{"line":4,"column":57}},"1":{"start":{"line":11,"column":15},"end":{"line":14,"column":3}},"2":{"start":{"line":16,"column":2},"end":{"line":28,"column":3}},"3":{"start":{"line":17,"column":21},"end":{"line":20,"column":5}},"4":{"start":{"line":21,"column":27},"end":{"line":21,"column":55}},"5":{"start":{"line":22,"column":4},"end":{"line":22,"column":26}},"6":{"start":{"line":24,"column":4},"end":{"line":27,"column":6}},"7":{"start":{"line":33,"column":18},"end":{"line":42,"column":3}},"8":{"start":{"line":44,"column":2},"end":{"line":55,"column":3}},"9":{"start":{"line":45,"column":21},"end":{"line":48,"column":5}},"10":{"start":{"line":49,"column":4},"end":{"line":49,"column":16}},"11":{"start":{"line":51,"column":4},"end":{"line":54,"column":6}},"12":{"start":{"line":60,"column":2},"end":{"line":70,"column":3}},"13":{"start":{"line":62,"column":16},"end":{"line":62,"column":73}},"14":{"start":{"line":63,"column":21},"end":{"line":63,"column":41}},"15":{"start":{"line":64,"column":4},"end":{"line":64,"column":25}},"16":{"start":{"line":66,"column":4},"end":{"line":69,"column":6}},"17":{"start":{"line":74,"column":2},"end":{"line":84,"column":3}},"18":{"start":{"line":76,"column":16},"end":{"line":76,"column":76}},"19":{"start":{"line":77,"column":21},"end":{"line":77,"column":44}},"20":{"start":{"line":78,"column":4},"end":{"line":78,"column":25}},"21":{"start":{"line":80,"column":4},"end":{"line":83,"column":6}},"22":{"start":{"line":88,"column":2},"end":{"line":107,"column":3}},"23":{"start":{"line":89,"column":23},"end":{"line":95,"column":5}},"24":{"start":{"line":97,"column":21},"end":{"line":100,"column":5}},"25":{"start":{"line":101,"column":4},"end":{"line":101,"column":25}},"26":{"start":{"line":103,"column":4},"end":{"line":106,"column":6}},"27":{"start":{"line":111,"column":2},"end":{"line":137,"column":3}},"28":{"start":{"line":112,"column":4},"end":{"line":114,"column":7}},"29":{"start":{"line":116,"column":21},"end":{"line":125,"column":5}},"30":{"start":{"line":126,"column":4},"end":{"line":130,"column":5}},"31":{"start":{"line":127,"column":6},"end":{"line":127,"column":59}},"32":{"start":{"line":129,"column":6},"end":{"line":129,"column":55}},"33":{"start":{"line":132,"column":4},"end":{"line":135,"column":6}},"34":{"start":{"line":136,"column":4},"end":{"line":136,"column":52}},"35":{"start":{"line":141,"column":2},"end":{"line":155,"column":3}},"36":{"start":{"line":142,"column":16},"end":{"line":142,"column":66}},"37":{"start":{"line":145,"column":21},"end":{"line":147,"column":6}},"38":{"start":{"line":149,"column":4},"end":{"line":149,"column":25}},"39":{"start":{"line":151,"column":4},"end":{"line":154,"column":6}}},"fnMap":{"0":{"name":"checkPartySize","decl":{"start":{"line":3,"column":16},"end":{"line":3,"column":30}},"loc":{"start":{"line":3,"column":42},"end":{"line":5,"column":1}},"line":3},"1":{"name":"getTimeSlot","decl":{"start":{"line":8,"column":22},"end":{"line":8,"column":33}},"loc":{"start":{"line":8,"column":51},"end":{"line":29,"column":1}},"line":8},"2":{"name":"postReservation","decl":{"start":{"line":32,"column":22},"end":{"line":32,"column":37}},"loc":{"start":{"line":32,"column":51},"end":{"line":56,"column":1}},"line":32},"3":{"name":"getUpdateBookingInfo","decl":{"start":{"line":59,"column":22},"end":{"line":59,"column":42}},"loc":{"start":{"line":59,"column":48},"end":{"line":71,"column":1}},"line":59},"4":{"name":"deleteBooking","decl":{"start":{"line":73,"column":22},"end":{"line":73,"column":35}},"loc":{"start":{"line":73,"column":41},"end":{"line":85,"column":1}},"line":73},"5":{"name":"updateBooking","decl":{"start":{"line":87,"column":22},"end":{"line":87,"column":35}},"loc":{"start":{"line":87,"column":54},"end":{"line":108,"column":1}},"line":87},"6":{"name":"adminLogin","decl":{"start":{"line":110,"column":22},"end":{"line":110,"column":32}},"loc":{"start":{"line":110,"column":53},"end":{"line":138,"column":1}},"line":110},"7":{"name":"getAllBookingInfo","decl":{"start":{"line":140,"column":22},"end":{"line":140,"column":39}},"loc":{"start":{"line":140,"column":42},"end":{"line":156,"column":1}},"line":140}},"branchMap":{"0":{"loc":{"start":{"line":4,"column":9},"end":{"line":4,"column":56}},"type":"cond-expr","locations":[{"start":{"line":4,"column":31},"end":{"line":4,"column":40}},{"start":{"line":4,"column":43},"end":{"line":4,"column":56}}],"line":4},"1":{"loc":{"start":{"line":26,"column":6},"end":{"line":26,"column":58}},"type":"cond-expr","locations":[{"start":{"line":26,"column":23},"end":{"line":26,"column":42}},{"start":{"line":26,"column":45},"end":{"line":26,"column":58}}],"line":26},"2":{"loc":{"start":{"line":53,"column":6},"end":{"line":53,"column":58}},"type":"cond-expr","locations":[{"start":{"line":53,"column":23},"end":{"line":53,"column":42}},{"start":{"line":53,"column":45},"end":{"line":53,"column":58}}],"line":53},"3":{"loc":{"start":{"line":68,"column":6},"end":{"line":68,"column":58}},"type":"cond-expr","locations":[{"start":{"line":68,"column":23},"end":{"line":68,"column":42}},{"start":{"line":68,"column":45},"end":{"line":68,"column":58}}],"line":68},"4":{"loc":{"start":{"line":82,"column":6},"end":{"line":82,"column":58}},"type":"cond-expr","locations":[{"start":{"line":82,"column":23},"end":{"line":82,"column":42}},{"start":{"line":82,"column":45},"end":{"line":82,"column":58}}],"line":82},"5":{"loc":{"start":{"line":105,"column":6},"end":{"line":105,"column":58}},"type":"cond-expr","locations":[{"start":{"line":105,"column":23},"end":{"line":105,"column":42}},{"start":{"line":105,"column":45},"end":{"line":105,"column":58}}],"line":105},"6":{"loc":{"start":{"line":126,"column":4},"end":{"line":130,"column":5}},"type":"if","locations":[{"start":{"line":126,"column":4},"end":{"line":130,"column":5}},{"start":{"line":128,"column":11},"end":{"line":130,"column":5}}],"line":126},"7":{"loc":{"start":{"line":134,"column":6},"end":{"line":134,"column":58}},"type":"cond-expr","locations":[{"start":{"line":134,"column":23},"end":{"line":134,"column":42}},{"start":{"line":134,"column":45},"end":{"line":134,"column":58}}],"line":134},"8":{"loc":{"start":{"line":153,"column":6},"end":{"line":153,"column":58}},"type":"cond-expr","locations":[{"start":{"line":153,"column":23},"end":{"line":153,"column":42}},{"start":{"line":153,"column":45},"end":{"line":153,"column":58}}],"line":153}},"s":{"0":2,"1":0,"2":0,"3":0,"4":0,"5":0,"6":0,"7":0,"8":0,"9":0,"10":0,"11":0,"12":0,"13":0,"14":0,"15":0,"16":0,"17":0,"18":0,"19":0,"20":0,"21":0,"22":0,"23":0,"24":0,"25":0,"26":0,"27":0,"28":0,"29":0,"30":0,"31":0,"32":0,"33":0,"34":0,"35":0,"36":0,"37":0,"38":0,"39":0},"f":{"0":2,"1":0,"2":0,"3":0,"4":0,"5":0,"6":0,"7":0},"b":{"0":[1,1],"1":[0,0],"2":[0,0],"3":[0,0],"4":[0,0],"5":[0,0],"6":[0,0],"7":[0,0],"8":[0,0]},"inputSourceMap":null,"_coverageSchema":"1a1c01bbd47fc00a2c39e90264f33305004495a9","hash":"ece39d4631092b2c4e31b9d56e800089c5f9d53e"}
}
