TN:
SF:src\tools\queryDatabase.js
FN:3,checkPartySize
FN:8,getTimeSlot
FN:32,postReservation
FN:59,getUpdateBookingInfo
FN:73,deleteBooking
FN:87,updateBooking
FN:110,adminLogin
FN:140,getAllBookingInfo
FNF:8
FNH:1
FNDA:2,checkPartySize
FNDA:0,getTimeSlot
FNDA:0,postReservation
FNDA:0,getUpdateBookingInfo
FNDA:0,deleteBooking
FNDA:0,updateBooking
FNDA:0,adminLogin
FNDA:0,getAllBookingInfo
DA:4,2
DA:11,0
DA:16,0
DA:17,0
DA:21,0
DA:22,0
DA:24,0
DA:33,0
DA:44,0
DA:45,0
DA:49,0
DA:51,0
DA:60,0
DA:62,0
DA:63,0
DA:64,0
DA:66,0
DA:74,0
DA:76,0
DA:77,0
DA:78,0
DA:80,0
DA:88,0
DA:89,0
DA:97,0
DA:101,0
DA:103,0
DA:111,0
DA:112,0
DA:116,0
DA:126,0
DA:127,0
DA:129,0
DA:132,0
DA:136,0
DA:141,0
DA:142,0
DA:145,0
DA:149,0
DA:151,0
LF:40
LH:1
BRDA:4,0,0,1
BRDA:4,0,1,1
BRDA:26,1,0,0
BRDA:26,1,1,0
BRDA:53,2,0,0
BRDA:53,2,1,0
BRDA:68,3,0,0
BRDA:68,3,1,0
BRDA:82,4,0,0
BRDA:82,4,1,0
BRDA:105,5,0,0
BRDA:105,5,1,0
BRDA:126,6,0,0
BRDA:126,6,1,0
BRDA:134,7,0,0
BRDA:134,7,1,0
BRDA:153,8,0,0
BRDA:153,8,1,0
BRF:18
BRH:2
end_of_record
